epoch,phase,train_gen_loss,train_disc_loss,val_psnr_ae,val_ssim_ae,val_psnr_gan,val_ssim_gan
1,warmup,0.061854,0.000000,28.5111,0.9143,26.6875,0.8380
2,warmup,0.031527,0.000000,28.5111,0.9143,27.6106,0.8947
3,warmup,0.027571,0.000000,28.5111,0.9143,27.8809,0.9082
4,warmup,0.025723,0.000000,28.5111,0.9143,28.3579,0.9137
5,warmup,0.024785,0.000000,28.5111,0.9143,27.9565,0.9065
6,warmup,0.024213,0.000000,28.5111,0.9143,28.4489,0.9104
7,warmup,0.023649,0.000000,28.5111,0.9143,28.5146,0.9167
8,warmup,0.023270,0.000000,28.5111,0.9143,28.1256,0.9128
9,warmup,0.023176,0.000000,28.5111,0.9143,28.6857,0.9177
10,warmup,0.022540,0.000000,28.5111,0.9143,27.4485,0.9193
11,warmup,0.022260,0.000000,28.5111,0.9143,28.5412,0.9185
12,warmup,0.021860,0.000000,28.5111,0.9143,28.5480,0.9196
13,warmup,0.021812,0.000000,28.5111,0.9143,28.5691,0.9196
14,warmup,0.021631,0.000000,28.5111,0.9143,28.7599,0.9183
15,warmup,0.021456,0.000000,28.5111,0.9143,28.4197,0.9193
16,warmup,0.021139,0.000000,28.5111,0.9143,28.4252,0.9181
17,warmup,0.021095,0.000000,28.5111,0.9143,28.5279,0.9191
18,warmup,0.020630,0.000000,28.5111,0.9143,28.3955,0.9195
19,warmup,0.020833,0.000000,28.5111,0.9143,28.7649,0.9207
20,warmup,0.020548,0.000000,28.5111,0.9143,28.4778,0.9216
21,adversarial,0.021039,0.700527,28.5111,0.9143,28.8137,0.9212
22,adversarial,0.020744,0.696508,28.5111,0.9143,28.5283,0.9217
23,adversarial,0.020913,0.694790,28.5111,0.9143,28.8879,0.9210
24,adversarial,0.020706,0.694214,28.5111,0.9143,28.4977,0.9223
25,adversarial,0.020817,0.693836,28.5111,0.9143,28.6885,0.9220
26,adversarial,0.020738,0.693746,28.5111,0.9143,28.5728,0.9212
27,adversarial,0.020539,0.693618,28.5111,0.9143,28.6444,0.9222
28,adversarial,0.020353,0.693509,28.5111,0.9143,28.6349,0.9215
29,adversarial,0.020369,0.693540,28.5111,0.9143,28.8976,0.9225
30,adversarial,0.020178,0.693403,28.5111,0.9143,28.5469,0.9226
31,adversarial,0.020070,0.693449,28.5111,0.9143,28.9507,0.9223
32,adversarial,0.019971,0.693441,28.5111,0.9143,28.6446,0.9215
33,adversarial,0.019963,0.693424,28.5111,0.9143,28.8100,0.9222
34,adversarial,0.019846,0.693495,28.5111,0.9143,28.9310,0.9224
35,adversarial,0.019932,0.693367,28.5111,0.9143,28.9861,0.9220
36,adversarial,0.019739,0.693449,28.5111,0.9143,28.9698,0.9232
37,adversarial,0.019752,0.693450,28.5111,0.9143,28.9479,0.9231
38,adversarial,0.019708,0.693376,28.5111,0.9143,28.9807,0.9232
39,adversarial,0.019532,0.693370,28.5111,0.9143,28.8935,0.9231
40,adversarial,0.019563,0.693414,28.5111,0.9143,28.9062,0.9230
41,adversarial,0.019447,0.693344,28.5111,0.9143,28.6825,0.9231
42,adversarial,0.019335,0.693375,28.5111,0.9143,28.9744,0.9227
43,adversarial,0.019316,0.693267,28.5111,0.9143,28.9972,0.9232
44,adversarial,0.019267,0.693435,28.5111,0.9143,28.8862,0.9228
45,adversarial,0.019234,0.693373,28.5111,0.9143,28.9888,0.9231
46,adversarial,0.019291,0.693295,28.5111,0.9143,28.8243,0.9221
47,adversarial,0.019074,0.693294,28.5111,0.9143,28.7803,0.9234
48,adversarial,0.019141,0.693274,28.5111,0.9143,28.8391,0.9232
49,adversarial,0.019086,0.693355,28.5111,0.9143,29.0126,0.9233
50,adversarial,0.019058,0.693329,28.5111,0.9143,29.0601,0.9234
51,adversarial,0.018979,0.693311,28.5111,0.9143,28.9230,0.9230
52,adversarial,0.018984,0.693251,28.5111,0.9143,28.7046,0.9225
53,adversarial,0.018949,0.693364,28.5111,0.9143,28.9934,0.9232
54,adversarial,0.018820,0.693283,28.5111,0.9143,29.0364,0.9232
55,adversarial,0.018868,0.693321,28.5111,0.9143,28.9334,0.9232
56,adversarial,0.018766,0.693294,28.5111,0.9143,29.1162,0.9232
57,adversarial,0.018797,0.693300,28.5111,0.9143,29.0964,0.9236
58,adversarial,0.018761,0.693315,28.5111,0.9143,29.0001,0.9227
59,adversarial,0.018634,0.693345,28.5111,0.9143,28.7499,0.9226
60,adversarial,0.018744,0.693236,28.5111,0.9143,29.0357,0.9234
61,adversarial,0.018606,0.693300,28.5111,0.9143,29.0601,0.9233
62,adversarial,0.018625,0.693229,28.5111,0.9143,28.9676,0.9235
63,adversarial,0.018683,0.693335,28.5111,0.9143,28.9946,0.9236
64,adversarial,0.018614,0.693258,28.5111,0.9143,29.0906,0.9235
65,adversarial,0.018491,0.693297,28.5111,0.9143,29.1076,0.9236
66,adversarial,0.018480,0.693365,28.5111,0.9143,29.0066,0.9231
67,adversarial,0.018527,0.693338,28.5111,0.9143,29.0058,0.9233
68,adversarial,0.018570,0.693237,28.5111,0.9143,29.0717,0.9235
69,adversarial,0.018408,0.693244,28.5111,0.9143,29.0946,0.9236
70,adversarial,0.018485,0.693302,28.5111,0.9143,29.0509,0.9228
71,adversarial,0.018459,0.693336,28.5111,0.9143,29.0860,0.9236
72,adversarial,0.018410,0.693244,28.5111,0.9143,29.0550,0.9235
73,adversarial,0.018371,0.693301,28.5111,0.9143,29.0483,0.9234
74,adversarial,0.018283,0.693328,28.5111,0.9143,29.1483,0.9237
75,adversarial,0.018379,0.693303,28.5111,0.9143,29.1195,0.9236
76,adversarial,0.018278,0.693272,28.5111,0.9143,29.0366,0.9231
77,adversarial,0.018259,0.693361,28.5111,0.9143,28.9323,0.9238
78,adversarial,0.018187,0.693265,28.5111,0.9143,29.0790,0.9233
79,adversarial,0.018259,0.693290,28.5111,0.9143,28.9610,0.9237
80,adversarial,0.018214,0.693293,28.5111,0.9143,29.0741,0.9240
81,adversarial,0.018114,0.693197,28.5111,0.9143,29.1472,0.9238
82,adversarial,0.018130,0.693300,28.5111,0.9143,29.1667,0.9237
83,adversarial,0.018157,0.693291,28.5111,0.9143,29.1166,0.9239
84,adversarial,0.018140,0.693207,28.5111,0.9143,29.1377,0.9236
85,adversarial,0.018068,0.693300,28.5111,0.9143,29.0722,0.9237
86,adversarial,0.018092,0.693304,28.5111,0.9143,28.6170,0.9238
87,adversarial,0.018074,0.693314,28.5111,0.9143,29.1538,0.9236
88,adversarial,0.018111,0.693245,28.5111,0.9143,29.1459,0.9236
89,adversarial,0.018009,0.693234,28.5111,0.9143,29.0018,0.9236
90,adversarial,0.017962,0.693280,28.5111,0.9143,29.0765,0.9233
91,adversarial,0.017981,0.693235,28.5111,0.9143,28.7967,0.9239
92,adversarial,0.017970,0.693305,28.5111,0.9143,29.0995,0.9237
93,adversarial,0.018031,0.693241,28.5111,0.9143,29.1447,0.9240
94,adversarial,0.017899,0.693292,28.5111,0.9143,29.1184,0.9238
95,adversarial,0.017932,0.693239,28.5111,0.9143,29.1722,0.9243
96,adversarial,0.017846,0.693300,28.5111,0.9143,29.0684,0.9234
97,adversarial,0.017825,0.693209,28.5111,0.9143,29.0816,0.9239
98,adversarial,0.017839,0.693266,28.5111,0.9143,28.9733,0.9243
99,adversarial,0.017860,0.693200,28.5111,0.9143,29.1100,0.9239
100,adversarial,0.017762,0.693284,28.5111,0.9143,29.1754,0.9239
