nohup: ignoring input
Run 1 | Seed 42
Using device: cuda
Train: 22050 | Val: 2754 | Test: 2754
Loaded frozen autoencoder.
Epoch [001/100] [warmup] G: 0.061854 D: 0.000000 | Val PSNR AE: 28.51 GAN: 26.69 | Val SSIM AE: 0.9143 GAN: 0.8380
Epoch [002/100] [warmup] G: 0.031527 D: 0.000000 | Val PSNR AE: 28.51 GAN: 27.61 | Val SSIM AE: 0.9143 GAN: 0.8947
Epoch [003/100] [warmup] G: 0.027571 D: 0.000000 | Val PSNR AE: 28.51 GAN: 27.88 | Val SSIM AE: 0.9143 GAN: 0.9082
Epoch [004/100] [warmup] G: 0.025723 D: 0.000000 | Val PSNR AE: 28.51 GAN: 28.36 | Val SSIM AE: 0.9143 GAN: 0.9137
Epoch [005/100] [warmup] G: 0.024785 D: 0.000000 | Val PSNR AE: 28.51 GAN: 27.96 | Val SSIM AE: 0.9143 GAN: 0.9065
Epoch [006/100] [warmup] G: 0.024213 D: 0.000000 | Val PSNR AE: 28.51 GAN: 28.45 | Val SSIM AE: 0.9143 GAN: 0.9104
Epoch [007/100] [warmup] G: 0.023649 D: 0.000000 | Val PSNR AE: 28.51 GAN: 28.51 | Val SSIM AE: 0.9143 GAN: 0.9167
Epoch [008/100] [warmup] G: 0.023270 D: 0.000000 | Val PSNR AE: 28.51 GAN: 28.13 | Val SSIM AE: 0.9143 GAN: 0.9128
Epoch [009/100] [warmup] G: 0.023176 D: 0.000000 | Val PSNR AE: 28.51 GAN: 28.69 | Val SSIM AE: 0.9143 GAN: 0.9177
Epoch [010/100] [warmup] G: 0.022540 D: 0.000000 | Val PSNR AE: 28.51 GAN: 27.45 | Val SSIM AE: 0.9143 GAN: 0.9193
Epoch [011/100] [warmup] G: 0.022260 D: 0.000000 | Val PSNR AE: 28.51 GAN: 28.54 | Val SSIM AE: 0.9143 GAN: 0.9185
Epoch [012/100] [warmup] G: 0.021860 D: 0.000000 | Val PSNR AE: 28.51 GAN: 28.55 | Val SSIM AE: 0.9143 GAN: 0.9196
Epoch [013/100] [warmup] G: 0.021812 D: 0.000000 | Val PSNR AE: 28.51 GAN: 28.57 | Val SSIM AE: 0.9143 GAN: 0.9196
Epoch [014/100] [warmup] G: 0.021631 D: 0.000000 | Val PSNR AE: 28.51 GAN: 28.76 | Val SSIM AE: 0.9143 GAN: 0.9183
Epoch [015/100] [warmup] G: 0.021456 D: 0.000000 | Val PSNR AE: 28.51 GAN: 28.42 | Val SSIM AE: 0.9143 GAN: 0.9193
Epoch [016/100] [warmup] G: 0.021139 D: 0.000000 | Val PSNR AE: 28.51 GAN: 28.43 | Val SSIM AE: 0.9143 GAN: 0.9181
Epoch [017/100] [warmup] G: 0.021095 D: 0.000000 | Val PSNR AE: 28.51 GAN: 28.53 | Val SSIM AE: 0.9143 GAN: 0.9191
Epoch [018/100] [warmup] G: 0.020630 D: 0.000000 | Val PSNR AE: 28.51 GAN: 28.40 | Val SSIM AE: 0.9143 GAN: 0.9195
Epoch [019/100] [warmup] G: 0.020833 D: 0.000000 | Val PSNR AE: 28.51 GAN: 28.76 | Val SSIM AE: 0.9143 GAN: 0.9207
Epoch [020/100] [warmup] G: 0.020548 D: 0.000000 | Val PSNR AE: 28.51 GAN: 28.48 | Val SSIM AE: 0.9143 GAN: 0.9216
Epoch [021/100] [adversarial] G: 0.021039 D: 0.700527 | Val PSNR AE: 28.51 GAN: 28.81 | Val SSIM AE: 0.9143 GAN: 0.9212
Epoch [022/100] [adversarial] G: 0.020744 D: 0.696508 | Val PSNR AE: 28.51 GAN: 28.53 | Val SSIM AE: 0.9143 GAN: 0.9217
Epoch [023/100] [adversarial] G: 0.020913 D: 0.694790 | Val PSNR AE: 28.51 GAN: 28.89 | Val SSIM AE: 0.9143 GAN: 0.9210
Epoch [024/100] [adversarial] G: 0.020706 D: 0.694214 | Val PSNR AE: 28.51 GAN: 28.50 | Val SSIM AE: 0.9143 GAN: 0.9223
Epoch [025/100] [adversarial] G: 0.020817 D: 0.693836 | Val PSNR AE: 28.51 GAN: 28.69 | Val SSIM AE: 0.9143 GAN: 0.9220
Epoch [026/100] [adversarial] G: 0.020738 D: 0.693746 | Val PSNR AE: 28.51 GAN: 28.57 | Val SSIM AE: 0.9143 GAN: 0.9212
Epoch [027/100] [adversarial] G: 0.020539 D: 0.693618 | Val PSNR AE: 28.51 GAN: 28.64 | Val SSIM AE: 0.9143 GAN: 0.9222
Epoch [028/100] [adversarial] G: 0.020353 D: 0.693509 | Val PSNR AE: 28.51 GAN: 28.63 | Val SSIM AE: 0.9143 GAN: 0.9215
Epoch [029/100] [adversarial] G: 0.020369 D: 0.693540 | Val PSNR AE: 28.51 GAN: 28.90 | Val SSIM AE: 0.9143 GAN: 0.9225
Epoch [030/100] [adversarial] G: 0.020178 D: 0.693403 | Val PSNR AE: 28.51 GAN: 28.55 | Val SSIM AE: 0.9143 GAN: 0.9226
Epoch [031/100] [adversarial] G: 0.020070 D: 0.693449 | Val PSNR AE: 28.51 GAN: 28.95 | Val SSIM AE: 0.9143 GAN: 0.9223
Epoch [032/100] [adversarial] G: 0.019971 D: 0.693441 | Val PSNR AE: 28.51 GAN: 28.64 | Val SSIM AE: 0.9143 GAN: 0.9215
Epoch [033/100] [adversarial] G: 0.019963 D: 0.693424 | Val PSNR AE: 28.51 GAN: 28.81 | Val SSIM AE: 0.9143 GAN: 0.9222
Epoch [034/100] [adversarial] G: 0.019846 D: 0.693495 | Val PSNR AE: 28.51 GAN: 28.93 | Val SSIM AE: 0.9143 GAN: 0.9224
Epoch [035/100] [adversarial] G: 0.019932 D: 0.693367 | Val PSNR AE: 28.51 GAN: 28.99 | Val SSIM AE: 0.9143 GAN: 0.9220
Epoch [036/100] [adversarial] G: 0.019739 D: 0.693449 | Val PSNR AE: 28.51 GAN: 28.97 | Val SSIM AE: 0.9143 GAN: 0.9232
Epoch [037/100] [adversarial] G: 0.019752 D: 0.693450 | Val PSNR AE: 28.51 GAN: 28.95 | Val SSIM AE: 0.9143 GAN: 0.9231
Epoch [038/100] [adversarial] G: 0.019708 D: 0.693376 | Val PSNR AE: 28.51 GAN: 28.98 | Val SSIM AE: 0.9143 GAN: 0.9232
Epoch [039/100] [adversarial] G: 0.019532 D: 0.693370 | Val PSNR AE: 28.51 GAN: 28.89 | Val SSIM AE: 0.9143 GAN: 0.9231
Epoch [040/100] [adversarial] G: 0.019563 D: 0.693414 | Val PSNR AE: 28.51 GAN: 28.91 | Val SSIM AE: 0.9143 GAN: 0.9230
Epoch [041/100] [adversarial] G: 0.019447 D: 0.693344 | Val PSNR AE: 28.51 GAN: 28.68 | Val SSIM AE: 0.9143 GAN: 0.9231
Epoch [042/100] [adversarial] G: 0.019335 D: 0.693375 | Val PSNR AE: 28.51 GAN: 28.97 | Val SSIM AE: 0.9143 GAN: 0.9227
Epoch [043/100] [adversarial] G: 0.019316 D: 0.693267 | Val PSNR AE: 28.51 GAN: 29.00 | Val SSIM AE: 0.9143 GAN: 0.9232
Epoch [044/100] [adversarial] G: 0.019267 D: 0.693435 | Val PSNR AE: 28.51 GAN: 28.89 | Val SSIM AE: 0.9143 GAN: 0.9228
Epoch [045/100] [adversarial] G: 0.019234 D: 0.693373 | Val PSNR AE: 28.51 GAN: 28.99 | Val SSIM AE: 0.9143 GAN: 0.9231
Epoch [046/100] [adversarial] G: 0.019291 D: 0.693295 | Val PSNR AE: 28.51 GAN: 28.82 | Val SSIM AE: 0.9143 GAN: 0.9221
Epoch [047/100] [adversarial] G: 0.019074 D: 0.693294 | Val PSNR AE: 28.51 GAN: 28.78 | Val SSIM AE: 0.9143 GAN: 0.9234
Epoch [048/100] [adversarial] G: 0.019141 D: 0.693274 | Val PSNR AE: 28.51 GAN: 28.84 | Val SSIM AE: 0.9143 GAN: 0.9232
Epoch [049/100] [adversarial] G: 0.019086 D: 0.693355 | Val PSNR AE: 28.51 GAN: 29.01 | Val SSIM AE: 0.9143 GAN: 0.9233
Epoch [050/100] [adversarial] G: 0.019058 D: 0.693329 | Val PSNR AE: 28.51 GAN: 29.06 | Val SSIM AE: 0.9143 GAN: 0.9234
Epoch [051/100] [adversarial] G: 0.018979 D: 0.693311 | Val PSNR AE: 28.51 GAN: 28.92 | Val SSIM AE: 0.9143 GAN: 0.9230
Epoch [052/100] [adversarial] G: 0.018984 D: 0.693251 | Val PSNR AE: 28.51 GAN: 28.70 | Val SSIM AE: 0.9143 GAN: 0.9225
Epoch [053/100] [adversarial] G: 0.018949 D: 0.693364 | Val PSNR AE: 28.51 GAN: 28.99 | Val SSIM AE: 0.9143 GAN: 0.9232
Epoch [054/100] [adversarial] G: 0.018820 D: 0.693283 | Val PSNR AE: 28.51 GAN: 29.04 | Val SSIM AE: 0.9143 GAN: 0.9232
Epoch [055/100] [adversarial] G: 0.018868 D: 0.693321 | Val PSNR AE: 28.51 GAN: 28.93 | Val SSIM AE: 0.9143 GAN: 0.9232
Epoch [056/100] [adversarial] G: 0.018766 D: 0.693294 | Val PSNR AE: 28.51 GAN: 29.12 | Val SSIM AE: 0.9143 GAN: 0.9232
Epoch [057/100] [adversarial] G: 0.018797 D: 0.693300 | Val PSNR AE: 28.51 GAN: 29.10 | Val SSIM AE: 0.9143 GAN: 0.9236
Epoch [058/100] [adversarial] G: 0.018761 D: 0.693315 | Val PSNR AE: 28.51 GAN: 29.00 | Val SSIM AE: 0.9143 GAN: 0.9227
Epoch [059/100] [adversarial] G: 0.018634 D: 0.693345 | Val PSNR AE: 28.51 GAN: 28.75 | Val SSIM AE: 0.9143 GAN: 0.9226
Epoch [060/100] [adversarial] G: 0.018744 D: 0.693236 | Val PSNR AE: 28.51 GAN: 29.04 | Val SSIM AE: 0.9143 GAN: 0.9234
Epoch [061/100] [adversarial] G: 0.018606 D: 0.693300 | Val PSNR AE: 28.51 GAN: 29.06 | Val SSIM AE: 0.9143 GAN: 0.9233
Epoch [062/100] [adversarial] G: 0.018625 D: 0.693229 | Val PSNR AE: 28.51 GAN: 28.97 | Val SSIM AE: 0.9143 GAN: 0.9235
Epoch [063/100] [adversarial] G: 0.018683 D: 0.693335 | Val PSNR AE: 28.51 GAN: 28.99 | Val SSIM AE: 0.9143 GAN: 0.9236
Epoch [064/100] [adversarial] G: 0.018614 D: 0.693258 | Val PSNR AE: 28.51 GAN: 29.09 | Val SSIM AE: 0.9143 GAN: 0.9235
Epoch [065/100] [adversarial] G: 0.018491 D: 0.693297 | Val PSNR AE: 28.51 GAN: 29.11 | Val SSIM AE: 0.9143 GAN: 0.9236
Epoch [066/100] [adversarial] G: 0.018480 D: 0.693365 | Val PSNR AE: 28.51 GAN: 29.01 | Val SSIM AE: 0.9143 GAN: 0.9231
Epoch [067/100] [adversarial] G: 0.018527 D: 0.693338 | Val PSNR AE: 28.51 GAN: 29.01 | Val SSIM AE: 0.9143 GAN: 0.9233
Epoch [068/100] [adversarial] G: 0.018570 D: 0.693237 | Val PSNR AE: 28.51 GAN: 29.07 | Val SSIM AE: 0.9143 GAN: 0.9235
Epoch [069/100] [adversarial] G: 0.018408 D: 0.693244 | Val PSNR AE: 28.51 GAN: 29.09 | Val SSIM AE: 0.9143 GAN: 0.9236
Epoch [070/100] [adversarial] G: 0.018485 D: 0.693302 | Val PSNR AE: 28.51 GAN: 29.05 | Val SSIM AE: 0.9143 GAN: 0.9228
Epoch [071/100] [adversarial] G: 0.018459 D: 0.693336 | Val PSNR AE: 28.51 GAN: 29.09 | Val SSIM AE: 0.9143 GAN: 0.9236
Epoch [072/100] [adversarial] G: 0.018410 D: 0.693244 | Val PSNR AE: 28.51 GAN: 29.06 | Val SSIM AE: 0.9143 GAN: 0.9235
Epoch [073/100] [adversarial] G: 0.018371 D: 0.693301 | Val PSNR AE: 28.51 GAN: 29.05 | Val SSIM AE: 0.9143 GAN: 0.9234
Epoch [074/100] [adversarial] G: 0.018283 D: 0.693328 | Val PSNR AE: 28.51 GAN: 29.15 | Val SSIM AE: 0.9143 GAN: 0.9237
Epoch [075/100] [adversarial] G: 0.018379 D: 0.693303 | Val PSNR AE: 28.51 GAN: 29.12 | Val SSIM AE: 0.9143 GAN: 0.9236
Epoch [076/100] [adversarial] G: 0.018278 D: 0.693272 | Val PSNR AE: 28.51 GAN: 29.04 | Val SSIM AE: 0.9143 GAN: 0.9231
Epoch [077/100] [adversarial] G: 0.018259 D: 0.693361 | Val PSNR AE: 28.51 GAN: 28.93 | Val SSIM AE: 0.9143 GAN: 0.9238
Epoch [078/100] [adversarial] G: 0.018187 D: 0.693265 | Val PSNR AE: 28.51 GAN: 29.08 | Val SSIM AE: 0.9143 GAN: 0.9233
Epoch [079/100] [adversarial] G: 0.018259 D: 0.693290 | Val PSNR AE: 28.51 GAN: 28.96 | Val SSIM AE: 0.9143 GAN: 0.9237
Epoch [080/100] [adversarial] G: 0.018214 D: 0.693293 | Val PSNR AE: 28.51 GAN: 29.07 | Val SSIM AE: 0.9143 GAN: 0.9240
Epoch [081/100] [adversarial] G: 0.018114 D: 0.693197 | Val PSNR AE: 28.51 GAN: 29.15 | Val SSIM AE: 0.9143 GAN: 0.9238
Epoch [082/100] [adversarial] G: 0.018130 D: 0.693300 | Val PSNR AE: 28.51 GAN: 29.17 | Val SSIM AE: 0.9143 GAN: 0.9237
Epoch [083/100] [adversarial] G: 0.018157 D: 0.693291 | Val PSNR AE: 28.51 GAN: 29.12 | Val SSIM AE: 0.9143 GAN: 0.9239
Epoch [084/100] [adversarial] G: 0.018140 D: 0.693207 | Val PSNR AE: 28.51 GAN: 29.14 | Val SSIM AE: 0.9143 GAN: 0.9236
Epoch [085/100] [adversarial] G: 0.018068 D: 0.693300 | Val PSNR AE: 28.51 GAN: 29.07 | Val SSIM AE: 0.9143 GAN: 0.9237
Epoch [086/100] [adversarial] G: 0.018092 D: 0.693304 | Val PSNR AE: 28.51 GAN: 28.62 | Val SSIM AE: 0.9143 GAN: 0.9238
Epoch [087/100] [adversarial] G: 0.018074 D: 0.693314 | Val PSNR AE: 28.51 GAN: 29.15 | Val SSIM AE: 0.9143 GAN: 0.9236
Epoch [088/100] [adversarial] G: 0.018111 D: 0.693245 | Val PSNR AE: 28.51 GAN: 29.15 | Val SSIM AE: 0.9143 GAN: 0.9236
Epoch [089/100] [adversarial] G: 0.018009 D: 0.693234 | Val PSNR AE: 28.51 GAN: 29.00 | Val SSIM AE: 0.9143 GAN: 0.9236
Epoch [090/100] [adversarial] G: 0.017962 D: 0.693280 | Val PSNR AE: 28.51 GAN: 29.08 | Val SSIM AE: 0.9143 GAN: 0.9233
Epoch [091/100] [adversarial] G: 0.017981 D: 0.693235 | Val PSNR AE: 28.51 GAN: 28.80 | Val SSIM AE: 0.9143 GAN: 0.9239
Epoch [092/100] [adversarial] G: 0.017970 D: 0.693305 | Val PSNR AE: 28.51 GAN: 29.10 | Val SSIM AE: 0.9143 GAN: 0.9237
Epoch [093/100] [adversarial] G: 0.018031 D: 0.693241 | Val PSNR AE: 28.51 GAN: 29.14 | Val SSIM AE: 0.9143 GAN: 0.9240
Epoch [094/100] [adversarial] G: 0.017899 D: 0.693292 | Val PSNR AE: 28.51 GAN: 29.12 | Val SSIM AE: 0.9143 GAN: 0.9238
Epoch [095/100] [adversarial] G: 0.017932 D: 0.693239 | Val PSNR AE: 28.51 GAN: 29.17 | Val SSIM AE: 0.9143 GAN: 0.9243
Epoch [096/100] [adversarial] G: 0.017846 D: 0.693300 | Val PSNR AE: 28.51 GAN: 29.07 | Val SSIM AE: 0.9143 GAN: 0.9234
Epoch [097/100] [adversarial] G: 0.017825 D: 0.693209 | Val PSNR AE: 28.51 GAN: 29.08 | Val SSIM AE: 0.9143 GAN: 0.9239
Epoch [098/100] [adversarial] G: 0.017839 D: 0.693266 | Val PSNR AE: 28.51 GAN: 28.97 | Val SSIM AE: 0.9143 GAN: 0.9243
Epoch [099/100] [adversarial] G: 0.017860 D: 0.693200 | Val PSNR AE: 28.51 GAN: 29.11 | Val SSIM AE: 0.9143 GAN: 0.9239
Epoch [100/100] [adversarial] G: 0.017762 D: 0.693284 | Val PSNR AE: 28.51 GAN: 29.18 | Val SSIM AE: 0.9143 GAN: 0.9239
GAN training complete.
Saved generator.pt and discriminator.pt
Saved result figure -> /home/zn0004/CPE487587_SP26_Final_Project/results/run1/gan_results.png
