nohup: ignoring input
Run 2 | Seed 43
Using device: cuda
Train: 22050 | Val: 2754 | Test: 2754
Loaded frozen autoencoder.
Epoch [001/100] [warmup] G: 0.054053 D: 0.000000 | Val PSNR AE: 28.33 GAN: 27.04 | Val SSIM AE: 0.9140 GAN: 0.8759
Epoch [002/100] [warmup] G: 0.029735 D: 0.000000 | Val PSNR AE: 28.33 GAN: 28.22 | Val SSIM AE: 0.9140 GAN: 0.9022
Epoch [003/100] [warmup] G: 0.027568 D: 0.000000 | Val PSNR AE: 28.33 GAN: 27.22 | Val SSIM AE: 0.9140 GAN: 0.9133
Epoch [004/100] [warmup] G: 0.026188 D: 0.000000 | Val PSNR AE: 28.33 GAN: 27.92 | Val SSIM AE: 0.9140 GAN: 0.9084
Epoch [005/100] [warmup] G: 0.024882 D: 0.000000 | Val PSNR AE: 28.33 GAN: 28.36 | Val SSIM AE: 0.9140 GAN: 0.9143
Epoch [006/100] [warmup] G: 0.024797 D: 0.000000 | Val PSNR AE: 28.33 GAN: 28.01 | Val SSIM AE: 0.9140 GAN: 0.9136
Epoch [007/100] [warmup] G: 0.024013 D: 0.000000 | Val PSNR AE: 28.33 GAN: 27.44 | Val SSIM AE: 0.9140 GAN: 0.9176
Epoch [008/100] [warmup] G: 0.023817 D: 0.000000 | Val PSNR AE: 28.33 GAN: 28.39 | Val SSIM AE: 0.9140 GAN: 0.9154
Epoch [009/100] [warmup] G: 0.023427 D: 0.000000 | Val PSNR AE: 28.33 GAN: 28.58 | Val SSIM AE: 0.9140 GAN: 0.9133
Epoch [010/100] [warmup] G: 0.023125 D: 0.000000 | Val PSNR AE: 28.33 GAN: 27.69 | Val SSIM AE: 0.9140 GAN: 0.9125
Epoch [011/100] [warmup] G: 0.023231 D: 0.000000 | Val PSNR AE: 28.33 GAN: 28.51 | Val SSIM AE: 0.9140 GAN: 0.9172
Epoch [012/100] [warmup] G: 0.022553 D: 0.000000 | Val PSNR AE: 28.33 GAN: 28.58 | Val SSIM AE: 0.9140 GAN: 0.9183
Epoch [013/100] [warmup] G: 0.021984 D: 0.000000 | Val PSNR AE: 28.33 GAN: 27.82 | Val SSIM AE: 0.9140 GAN: 0.9162
Epoch [014/100] [warmup] G: 0.021779 D: 0.000000 | Val PSNR AE: 28.33 GAN: 28.47 | Val SSIM AE: 0.9140 GAN: 0.9198
Epoch [015/100] [warmup] G: 0.021766 D: 0.000000 | Val PSNR AE: 28.33 GAN: 28.21 | Val SSIM AE: 0.9140 GAN: 0.9163
Epoch [016/100] [warmup] G: 0.021496 D: 0.000000 | Val PSNR AE: 28.33 GAN: 28.53 | Val SSIM AE: 0.9140 GAN: 0.9189
Epoch [017/100] [warmup] G: 0.021200 D: 0.000000 | Val PSNR AE: 28.33 GAN: 28.02 | Val SSIM AE: 0.9140 GAN: 0.9191
Epoch [018/100] [warmup] G: 0.021072 D: 0.000000 | Val PSNR AE: 28.33 GAN: 28.72 | Val SSIM AE: 0.9140 GAN: 0.9193
Epoch [019/100] [warmup] G: 0.021050 D: 0.000000 | Val PSNR AE: 28.33 GAN: 28.39 | Val SSIM AE: 0.9140 GAN: 0.9193
Epoch [020/100] [warmup] G: 0.020928 D: 0.000000 | Val PSNR AE: 28.33 GAN: 28.27 | Val SSIM AE: 0.9140 GAN: 0.9205
Epoch [021/100] [adversarial] G: 0.021569 D: 0.700930 | Val PSNR AE: 28.33 GAN: 28.77 | Val SSIM AE: 0.9140 GAN: 0.9188
Epoch [022/100] [adversarial] G: 0.021111 D: 0.696151 | Val PSNR AE: 28.33 GAN: 28.69 | Val SSIM AE: 0.9140 GAN: 0.9210
Epoch [023/100] [adversarial] G: 0.021218 D: 0.695062 | Val PSNR AE: 28.33 GAN: 28.16 | Val SSIM AE: 0.9140 GAN: 0.9188
Epoch [024/100] [adversarial] G: 0.021168 D: 0.694358 | Val PSNR AE: 28.33 GAN: 27.51 | Val SSIM AE: 0.9140 GAN: 0.9207
Epoch [025/100] [adversarial] G: 0.021005 D: 0.693881 | Val PSNR AE: 28.33 GAN: 28.64 | Val SSIM AE: 0.9140 GAN: 0.9202
Epoch [026/100] [adversarial] G: 0.020717 D: 0.693740 | Val PSNR AE: 28.33 GAN: 28.40 | Val SSIM AE: 0.9140 GAN: 0.9216
Epoch [027/100] [adversarial] G: 0.020895 D: 0.693623 | Val PSNR AE: 28.33 GAN: 28.51 | Val SSIM AE: 0.9140 GAN: 0.9212
Epoch [028/100] [adversarial] G: 0.020692 D: 0.693560 | Val PSNR AE: 28.33 GAN: 28.77 | Val SSIM AE: 0.9140 GAN: 0.9211
Epoch [029/100] [adversarial] G: 0.020349 D: 0.693470 | Val PSNR AE: 28.33 GAN: 28.74 | Val SSIM AE: 0.9140 GAN: 0.9219
Epoch [030/100] [adversarial] G: 0.020602 D: 0.693474 | Val PSNR AE: 28.33 GAN: 28.74 | Val SSIM AE: 0.9140 GAN: 0.9218
Epoch [031/100] [adversarial] G: 0.020478 D: 0.693443 | Val PSNR AE: 28.33 GAN: 28.81 | Val SSIM AE: 0.9140 GAN: 0.9207
Epoch [032/100] [adversarial] G: 0.020210 D: 0.693406 | Val PSNR AE: 28.33 GAN: 28.79 | Val SSIM AE: 0.9140 GAN: 0.9213
Epoch [033/100] [adversarial] G: 0.019987 D: 0.693357 | Val PSNR AE: 28.33 GAN: 28.75 | Val SSIM AE: 0.9140 GAN: 0.9212
Epoch [034/100] [adversarial] G: 0.020087 D: 0.693387 | Val PSNR AE: 28.33 GAN: 28.37 | Val SSIM AE: 0.9140 GAN: 0.9221
Epoch [035/100] [adversarial] G: 0.019948 D: 0.693367 | Val PSNR AE: 28.33 GAN: 28.52 | Val SSIM AE: 0.9140 GAN: 0.9208
Epoch [036/100] [adversarial] G: 0.019892 D: 0.693329 | Val PSNR AE: 28.33 GAN: 28.81 | Val SSIM AE: 0.9140 GAN: 0.9223
Epoch [037/100] [adversarial] G: 0.019876 D: 0.693390 | Val PSNR AE: 28.33 GAN: 28.39 | Val SSIM AE: 0.9140 GAN: 0.9208
Epoch [038/100] [adversarial] G: 0.019802 D: 0.693343 | Val PSNR AE: 28.33 GAN: 28.71 | Val SSIM AE: 0.9140 GAN: 0.9214
Epoch [039/100] [adversarial] G: 0.019701 D: 0.693372 | Val PSNR AE: 28.33 GAN: 28.75 | Val SSIM AE: 0.9140 GAN: 0.9228
Epoch [040/100] [adversarial] G: 0.019681 D: 0.693387 | Val PSNR AE: 28.33 GAN: 28.83 | Val SSIM AE: 0.9140 GAN: 0.9224
Epoch [041/100] [adversarial] G: 0.019624 D: 0.693340 | Val PSNR AE: 28.33 GAN: 28.57 | Val SSIM AE: 0.9140 GAN: 0.9225
Epoch [042/100] [adversarial] G: 0.019741 D: 0.693265 | Val PSNR AE: 28.33 GAN: 28.57 | Val SSIM AE: 0.9140 GAN: 0.9218
Epoch [043/100] [adversarial] G: 0.019553 D: 0.693407 | Val PSNR AE: 28.33 GAN: 28.71 | Val SSIM AE: 0.9140 GAN: 0.9220
Epoch [044/100] [adversarial] G: 0.019482 D: 0.693328 | Val PSNR AE: 28.33 GAN: 28.33 | Val SSIM AE: 0.9140 GAN: 0.9222
Epoch [045/100] [adversarial] G: 0.019369 D: 0.693349 | Val PSNR AE: 28.33 GAN: 28.83 | Val SSIM AE: 0.9140 GAN: 0.9224
Epoch [046/100] [adversarial] G: 0.019388 D: 0.693296 | Val PSNR AE: 28.33 GAN: 28.92 | Val SSIM AE: 0.9140 GAN: 0.9229
Epoch [047/100] [adversarial] G: 0.019331 D: 0.693317 | Val PSNR AE: 28.33 GAN: 28.86 | Val SSIM AE: 0.9140 GAN: 0.9226
Epoch [048/100] [adversarial] G: 0.019192 D: 0.693339 | Val PSNR AE: 28.33 GAN: 28.91 | Val SSIM AE: 0.9140 GAN: 0.9229
Epoch [049/100] [adversarial] G: 0.019211 D: 0.693305 | Val PSNR AE: 28.33 GAN: 28.53 | Val SSIM AE: 0.9140 GAN: 0.9228
Epoch [050/100] [adversarial] G: 0.019209 D: 0.693228 | Val PSNR AE: 28.33 GAN: 28.85 | Val SSIM AE: 0.9140 GAN: 0.9233
Epoch [051/100] [adversarial] G: 0.019182 D: 0.693345 | Val PSNR AE: 28.33 GAN: 28.79 | Val SSIM AE: 0.9140 GAN: 0.9233
Epoch [052/100] [adversarial] G: 0.018957 D: 0.693397 | Val PSNR AE: 28.33 GAN: 28.81 | Val SSIM AE: 0.9140 GAN: 0.9228
Epoch [053/100] [adversarial] G: 0.019097 D: 0.693243 | Val PSNR AE: 28.33 GAN: 28.55 | Val SSIM AE: 0.9140 GAN: 0.9222
Epoch [054/100] [adversarial] G: 0.019069 D: 0.693307 | Val PSNR AE: 28.33 GAN: 28.95 | Val SSIM AE: 0.9140 GAN: 0.9233
Epoch [055/100] [adversarial] G: 0.018938 D: 0.693305 | Val PSNR AE: 28.33 GAN: 28.97 | Val SSIM AE: 0.9140 GAN: 0.9233
Epoch [056/100] [adversarial] G: 0.019035 D: 0.693268 | Val PSNR AE: 28.33 GAN: 28.55 | Val SSIM AE: 0.9140 GAN: 0.9232
Epoch [057/100] [adversarial] G: 0.018850 D: 0.693317 | Val PSNR AE: 28.33 GAN: 29.00 | Val SSIM AE: 0.9140 GAN: 0.9232
Epoch [058/100] [adversarial] G: 0.018867 D: 0.693348 | Val PSNR AE: 28.33 GAN: 28.95 | Val SSIM AE: 0.9140 GAN: 0.9229
Epoch [059/100] [adversarial] G: 0.018874 D: 0.693321 | Val PSNR AE: 28.33 GAN: 28.81 | Val SSIM AE: 0.9140 GAN: 0.9231
Epoch [060/100] [adversarial] G: 0.018817 D: 0.693224 | Val PSNR AE: 28.33 GAN: 28.78 | Val SSIM AE: 0.9140 GAN: 0.9228
Epoch [061/100] [adversarial] G: 0.018792 D: 0.693282 | Val PSNR AE: 28.33 GAN: 28.70 | Val SSIM AE: 0.9140 GAN: 0.9223
Epoch [062/100] [adversarial] G: 0.018848 D: 0.693280 | Val PSNR AE: 28.33 GAN: 28.97 | Val SSIM AE: 0.9140 GAN: 0.9230
Epoch [063/100] [adversarial] G: 0.018735 D: 0.693232 | Val PSNR AE: 28.33 GAN: 28.74 | Val SSIM AE: 0.9140 GAN: 0.9230
Epoch [064/100] [adversarial] G: 0.018712 D: 0.693408 | Val PSNR AE: 28.33 GAN: 28.93 | Val SSIM AE: 0.9140 GAN: 0.9229
Epoch [065/100] [adversarial] G: 0.018685 D: 0.693293 | Val PSNR AE: 28.33 GAN: 28.95 | Val SSIM AE: 0.9140 GAN: 0.9227
Epoch [066/100] [adversarial] G: 0.018612 D: 0.693277 | Val PSNR AE: 28.33 GAN: 29.01 | Val SSIM AE: 0.9140 GAN: 0.9232
Epoch [067/100] [adversarial] G: 0.018651 D: 0.693204 | Val PSNR AE: 28.33 GAN: 28.83 | Val SSIM AE: 0.9140 GAN: 0.9223
Epoch [068/100] [adversarial] G: 0.018648 D: 0.693327 | Val PSNR AE: 28.33 GAN: 28.85 | Val SSIM AE: 0.9140 GAN: 0.9231
Epoch [069/100] [adversarial] G: 0.018552 D: 0.693275 | Val PSNR AE: 28.33 GAN: 29.00 | Val SSIM AE: 0.9140 GAN: 0.9232
Epoch [070/100] [adversarial] G: 0.018539 D: 0.693271 | Val PSNR AE: 28.33 GAN: 28.95 | Val SSIM AE: 0.9140 GAN: 0.9232
Epoch [071/100] [adversarial] G: 0.018536 D: 0.693264 | Val PSNR AE: 28.33 GAN: 28.78 | Val SSIM AE: 0.9140 GAN: 0.9234
Epoch [072/100] [adversarial] G: 0.018490 D: 0.693324 | Val PSNR AE: 28.33 GAN: 28.95 | Val SSIM AE: 0.9140 GAN: 0.9233
Epoch [073/100] [adversarial] G: 0.018411 D: 0.693271 | Val PSNR AE: 28.33 GAN: 28.89 | Val SSIM AE: 0.9140 GAN: 0.9232
Epoch [074/100] [adversarial] G: 0.018477 D: 0.693290 | Val PSNR AE: 28.33 GAN: 28.68 | Val SSIM AE: 0.9140 GAN: 0.9234
Epoch [075/100] [adversarial] G: 0.018455 D: 0.693306 | Val PSNR AE: 28.33 GAN: 28.97 | Val SSIM AE: 0.9140 GAN: 0.9234
Epoch [076/100] [adversarial] G: 0.018473 D: 0.693241 | Val PSNR AE: 28.33 GAN: 28.90 | Val SSIM AE: 0.9140 GAN: 0.9229
Epoch [077/100] [adversarial] G: 0.018365 D: 0.693246 | Val PSNR AE: 28.33 GAN: 28.50 | Val SSIM AE: 0.9140 GAN: 0.9220
Epoch [078/100] [adversarial] G: 0.018392 D: 0.693340 | Val PSNR AE: 28.33 GAN: 29.01 | Val SSIM AE: 0.9140 GAN: 0.9230
Epoch [079/100] [adversarial] G: 0.018376 D: 0.693209 | Val PSNR AE: 28.33 GAN: 28.22 | Val SSIM AE: 0.9140 GAN: 0.9221
Epoch [080/100] [adversarial] G: 0.018277 D: 0.693284 | Val PSNR AE: 28.33 GAN: 28.97 | Val SSIM AE: 0.9140 GAN: 0.9234
Epoch [081/100] [adversarial] G: 0.018295 D: 0.693302 | Val PSNR AE: 28.33 GAN: 28.62 | Val SSIM AE: 0.9140 GAN: 0.9224
Epoch [082/100] [adversarial] G: 0.018348 D: 0.693257 | Val PSNR AE: 28.33 GAN: 29.03 | Val SSIM AE: 0.9140 GAN: 0.9237
Epoch [083/100] [adversarial] G: 0.018196 D: 0.693288 | Val PSNR AE: 28.33 GAN: 29.01 | Val SSIM AE: 0.9140 GAN: 0.9233
Epoch [084/100] [adversarial] G: 0.018366 D: 0.693229 | Val PSNR AE: 28.33 GAN: 29.00 | Val SSIM AE: 0.9140 GAN: 0.9234
Epoch [085/100] [adversarial] G: 0.018244 D: 0.693258 | Val PSNR AE: 28.33 GAN: 29.02 | Val SSIM AE: 0.9140 GAN: 0.9235
Epoch [086/100] [adversarial] G: 0.018224 D: 0.693295 | Val PSNR AE: 28.33 GAN: 28.87 | Val SSIM AE: 0.9140 GAN: 0.9234
Epoch [087/100] [adversarial] G: 0.018250 D: 0.693282 | Val PSNR AE: 28.33 GAN: 29.00 | Val SSIM AE: 0.9140 GAN: 0.9236
Epoch [088/100] [adversarial] G: 0.018103 D: 0.693319 | Val PSNR AE: 28.33 GAN: 28.67 | Val SSIM AE: 0.9140 GAN: 0.9226
Epoch [089/100] [adversarial] G: 0.018126 D: 0.693236 | Val PSNR AE: 28.33 GAN: 28.32 | Val SSIM AE: 0.9140 GAN: 0.9227
Epoch [090/100] [adversarial] G: 0.018188 D: 0.693227 | Val PSNR AE: 28.33 GAN: 28.88 | Val SSIM AE: 0.9140 GAN: 0.9231
Epoch [091/100] [adversarial] G: 0.018165 D: 0.693224 | Val PSNR AE: 28.33 GAN: 29.01 | Val SSIM AE: 0.9140 GAN: 0.9233
Epoch [092/100] [adversarial] G: 0.018123 D: 0.693279 | Val PSNR AE: 28.33 GAN: 29.00 | Val SSIM AE: 0.9140 GAN: 0.9235
Epoch [093/100] [adversarial] G: 0.018130 D: 0.693341 | Val PSNR AE: 28.33 GAN: 29.04 | Val SSIM AE: 0.9140 GAN: 0.9234
Epoch [094/100] [adversarial] G: 0.018074 D: 0.693295 | Val PSNR AE: 28.33 GAN: 28.91 | Val SSIM AE: 0.9140 GAN: 0.9235
Epoch [095/100] [adversarial] G: 0.018119 D: 0.693184 | Val PSNR AE: 28.33 GAN: 28.86 | Val SSIM AE: 0.9140 GAN: 0.9232
Epoch [096/100] [adversarial] G: 0.018045 D: 0.693250 | Val PSNR AE: 28.33 GAN: 28.99 | Val SSIM AE: 0.9140 GAN: 0.9235
Epoch [097/100] [adversarial] G: 0.018009 D: 0.693241 | Val PSNR AE: 28.33 GAN: 28.99 | Val SSIM AE: 0.9140 GAN: 0.9234
Epoch [098/100] [adversarial] G: 0.018034 D: 0.693261 | Val PSNR AE: 28.33 GAN: 29.04 | Val SSIM AE: 0.9140 GAN: 0.9235
Epoch [099/100] [adversarial] G: 0.018022 D: 0.693304 | Val PSNR AE: 28.33 GAN: 29.01 | Val SSIM AE: 0.9140 GAN: 0.9234
Epoch [100/100] [adversarial] G: 0.017998 D: 0.693165 | Val PSNR AE: 28.33 GAN: 29.02 | Val SSIM AE: 0.9140 GAN: 0.9239
GAN training complete.
Saved generator.pt and discriminator.pt
Saved result figure -> /home/zn0004/CPE487587_SP26_Final_Project/results/run2/gan_results.png
